Build started 05/06/2016 18:08:17.
     1>Project "C:\Users\Pepe\Documents\Visual Studio 2015\Projects\BasenWPhys\BasenWPhys\BasenWPhys.vcxproj" on node 2 (Build target(s)).
     1>ClCompile:
         C:\Program Files (x86)\Microsoft Visual Studio 14.0\VC\bin\CL.exe /c /IC:\Cdev\SFML\include /ZI /nologo /W3 /WX- /sdl /Od /Oy- /D WIN32 /D _DEBUG /D _WINDOWS /D _MBCS /D _MBCS /Gm /EHsc /RTC1 /MDd /GS /fp:precise /Zc:wchar_t /Zc:forScope /Zc:inline /Fo"C:\Users\Pepe\Documents\Visual Studio 2015\Projects\BasenWPhys\BasenWPhys\bin\Debug\intermediates\\" /Fd"C:\Users\Pepe\Documents\Visual Studio 2015\Projects\BasenWPhys\BasenWPhys\bin\Debug\intermediates\vc140.pdb" /Gd /TP /analyze- /errorReport:prompt src\Basen.cpp
         Basen.cpp
       Link:
         C:\Program Files (x86)\Microsoft Visual Studio 14.0\VC\bin\link.exe /ERRORREPORT:PROMPT /OUT:"C:\Users\Pepe\Documents\Visual Studio 2015\Projects\BasenWPhys\BasenWPhys\bin\Debug\BasenWPhys.exe" /INCREMENTAL /NOLOGO /LIBPATH:C:\Cdev\SFML\lib "sfml-main-d.lib" "sfml-system-d.lib" "sfml-audio-d.lib" "sfml-graphics-d.lib" "sfml-window-d.lib" "sfml-network-d.lib" kernel32.lib user32.lib gdi32.lib winspool.lib comdlg32.lib advapi32.lib shell32.lib ole32.lib oleaut32.lib uuid.lib odbc32.lib odbccp32.lib kernel32.lib user32.lib gdi32.lib winspool.lib comdlg32.lib advapi32.lib shell32.lib ole32.lib oleaut32.lib uuid.lib odbc32.lib odbccp32.lib /MANIFEST /MANIFESTUAC:"level='asInvoker' uiAccess='false'" /manifest:embed /Debug /PDB:"C:\Users\Pepe\Documents\Visual Studio 2015\Projects\BasenWPhys\BasenWPhys\bin\Debug\BasenWPhys.pdb" /SUBSYSTEM:WINDOWS /TLBID:1 /DYNAMICBASE /NXCOMPAT /IMPLIB:"C:\Users\Pepe\Documents\Visual Studio 2015\Projects\BasenWPhys\BasenWPhys\bin\Debug\BasenWPhys.lib" /MACHINE:X86 "C:\Users\Pepe\Documents\Visual Studio 2015\Projects\BasenWPhys\BasenWPhys\bin\Debug\intermediates\Basen.obj"
         "C:\Users\Pepe\Documents\Visual Studio 2015\Projects\BasenWPhys\BasenWPhys\bin\Debug\intermediates\Button.obj"
         "C:\Users\Pepe\Documents\Visual Studio 2015\Projects\BasenWPhys\BasenWPhys\bin\Debug\intermediates\AnimationNode.obj"
         "C:\Users\Pepe\Documents\Visual Studio 2015\Projects\BasenWPhys\BasenWPhys\bin\Debug\intermediates\BaseNode.obj"
         "C:\Users\Pepe\Documents\Visual Studio 2015\Projects\BasenWPhys\BasenWPhys\bin\Debug\intermediates\DynamicNode.obj"
         "C:\Users\Pepe\Documents\Visual Studio 2015\Projects\BasenWPhys\BasenWPhys\bin\Debug\intermediates\SpriteNode.obj"
         "C:\Users\Pepe\Documents\Visual Studio 2015\Projects\BasenWPhys\BasenWPhys\bin\Debug\intermediates\TextNode.obj"
         "C:\Users\Pepe\Documents\Visual Studio 2015\Projects\BasenWPhys\BasenWPhys\bin\Debug\intermediates\Input.obj"
         "C:\Users\Pepe\Documents\Visual Studio 2015\Projects\BasenWPhys\BasenWPhys\bin\Debug\intermediates\Colision.obj"
         "C:\Users\Pepe\Documents\Visual Studio 2015\Projects\BasenWPhys\BasenWPhys\bin\Debug\intermediates\AABB.obj"
         "C:\Users\Pepe\Documents\Visual Studio 2015\Projects\BasenWPhys\BasenWPhys\bin\Debug\intermediates\CircleNode.obj"
         "C:\Users\Pepe\Documents\Visual Studio 2015\Projects\BasenWPhys\BasenWPhys\bin\Debug\intermediates\ColisionNode.obj"
         "C:\Users\Pepe\Documents\Visual Studio 2015\Projects\BasenWPhys\BasenWPhys\bin\Debug\intermediates\Options.obj"
         "C:\Users\Pepe\Documents\Visual Studio 2015\Projects\BasenWPhys\BasenWPhys\bin\Debug\intermediates\DebugWorld.obj"
         "C:\Users\Pepe\Documents\Visual Studio 2015\Projects\BasenWPhys\BasenWPhys\bin\Debug\intermediates\FileIO.obj"
         "C:\Users\Pepe\Documents\Visual Studio 2015\Projects\BasenWPhys\BasenWPhys\bin\Debug\intermediates\Logger.obj"
         "C:\Users\Pepe\Documents\Visual Studio 2015\Projects\BasenWPhys\BasenWPhys\bin\Debug\intermediates\TestWorld.obj"
         "C:\Users\Pepe\Documents\Visual Studio 2015\Projects\BasenWPhys\BasenWPhys\bin\Debug\intermediates\World.obj"
         "C:\Users\Pepe\Documents\Visual Studio 2015\Projects\BasenWPhys\BasenWPhys\bin\Debug\intermediates\Starter.obj"
     1>sfml-main-d.lib(MainWin32.cpp.obj) : warning LNK4099: PDB 'vc140.pdb' was not found with 'sfml-main-d.lib(MainWin32.cpp.obj)' or at 'C:\Users\Pepe\Documents\Visual Studio 2015\Projects\BasenWPhys\BasenWPhys\bin\Debug\vc140.pdb'; linking object as if no debug info
         BasenWPhys.vcxproj -> C:\Users\Pepe\Documents\Visual Studio 2015\Projects\BasenWPhys\BasenWPhys\bin\Debug\BasenWPhys.exe
     1>Done Building Project "C:\Users\Pepe\Documents\Visual Studio 2015\Projects\BasenWPhys\BasenWPhys\BasenWPhys.vcxproj" (Build target(s)).

Build succeeded.

Time Elapsed 00:00:04.17
